
   INFO  Running migrations.  

  2025_12_31_083241_create_students_table  47.38ms FAIL

   Illuminate\Database\QueryException 

  SQLSTATE[42S01]: Base table or view already exists: 1050 Table 'students' already exists (Connection: mysql, SQL: create table `students` (`id` bigint unsigned not null auto_increment primary key, `school_id` bigint unsigned not null, `class_id` bigint unsigned not null, `admission_no` varchar(255) null, `first_name` varchar(255) not null, `last_name` varchar(255) not null, `other_name` varchar(255) null, `gender` varchar(255) not null, `date_of_birth` date null, `guardian_name` varchar(255) null, `guardian_phone` varchar(255) null, `address` text null, `enrollment_date` date null, `status` varchar(255) not null default 'active', `created_by` bigint unsigned null, `updated_by` bigint unsigned null, `created_at` timestamp null, `updated_at` timestamp null) default character set utf8mb4 collate 'utf8mb4_unicode_ci')

  at vendor\laravel\framework\src\Illuminate\Database\Connection.php:825
    821▕                     $this->getName(), $query, $this->prepareBindings($bindings), $e
    822▕                 );
    823▕             }
    824▕ 
  ➜ 825▕             throw new QueryException(
    826▕                 $this->getName(), $query, $this->prepareBindings($bindings), $e
    827▕             );
    828▕         }
    829▕     }

  1   vendor\laravel\framework\src\Illuminate\Database\Connection.php:571
      PDOException::("SQLSTATE[42S01]: Base table or view already exists: 1050 Table 'students' already exists")

  2   vendor\laravel\framework\src\Illuminate\Database\Connection.php:571
      PDOStatement::execute()

  3   vendor\laravel\framework\src\Illuminate\Database\Connection.php:812
      Illuminate\Database\Connection::Illuminate\Database\{closure}("create table `students` (`id` bigint unsigned not null auto_increment primary key, `school_id` bigint unsigned not null, `class_id` bigint unsigned not null, `admission_no` varchar(255) null, `first_name` varchar(255) not null, `last_name` varchar(255) not null, `other_name` varchar(255) null, `gender` varchar(255) not null, `date_of_birth` date null, `guardian_name` varchar(255) null, `guardian_phone` varchar(255) null, `address` text null, `enrollment_date` date null, `status` varchar(255) not null default 'active', `created_by` bigint unsigned null, `updated_by` bigint unsigned null, `created_at` timestamp null, `updated_at` timestamp null) default character set utf8mb4 collate 'utf8mb4_unicode_ci'", [])

  4   vendor\laravel\framework\src\Illuminate\Database\Connection.php:779
      Illuminate\Database\Connection::runQueryCallback("create table `students` (`id` bigint unsigned not null auto_increment primary key, `school_id` bigint unsigned not null, `class_id` bigint unsigned not null, `admission_no` varchar(255) null, `first_name` varchar(255) not null, `last_name` varchar(255) not null, `other_name` varchar(255) null, `gender` varchar(255) not null, `date_of_birth` date null, `guardian_name` varchar(255) null, `guardian_phone` varchar(255) null, `address` text null, `enrollment_date` date null, `status` varchar(255) not null default 'active', `created_by` bigint unsigned null, `updated_by` bigint unsigned null, `created_at` timestamp null, `updated_at` timestamp null) default character set utf8mb4 collate 'utf8mb4_unicode_ci'", [], Object(Closure))

  5   vendor\laravel\framework\src\Illuminate\Database\Connection.php:560
      Illuminate\Database\Connection::run("create table `students` (`id` bigint unsigned not null auto_increment primary key, `school_id` bigint unsigned not null, `class_id` bigint unsigned not null, `admission_no` varchar(255) null, `first_name` varchar(255) not null, `last_name` varchar(255) not null, `other_name` varchar(255) null, `gender` varchar(255) not null, `date_of_birth` date null, `guardian_name` varchar(255) null, `guardian_phone` varchar(255) null, `address` text null, `enrollment_date` date null, `status` varchar(255) not null default 'active', `created_by` bigint unsigned null, `updated_by` bigint unsigned null, `created_at` timestamp null, `updated_at` timestamp null) default character set utf8mb4 collate 'utf8mb4_unicode_ci'", [], Object(Closure))

  6   vendor\laravel\framework\src\Illuminate\Database\Schema\Blueprint.php:118
      Illuminate\Database\Connection::statement("create table `students` (`id` bigint unsigned not null auto_increment primary key, `school_id` bigint unsigned not null, `class_id` bigint unsigned not null, `admission_no` varchar(255) null, `first_name` varchar(255) not null, `last_name` varchar(255) not null, `other_name` varchar(255) null, `gender` varchar(255) not null, `date_of_birth` date null, `guardian_name` varchar(255) null, `guardian_phone` varchar(255) null, `address` text null, `enrollment_date` date null, `status` varchar(255) not null default 'active', `created_by` bigint unsigned null, `updated_by` bigint unsigned null, `created_at` timestamp null, `updated_at` timestamp null) default character set utf8mb4 collate 'utf8mb4_unicode_ci'")

  7   vendor\laravel\framework\src\Illuminate\Database\Schema\Builder.php:564
      Illuminate\Database\Schema\Blueprint::build(Object(Illuminate\Database\MySqlConnection), Object(Illuminate\Database\Schema\Grammars\MySqlGrammar))

  8   vendor\laravel\framework\src\Illuminate\Database\Schema\Builder.php:418
      Illuminate\Database\Schema\Builder::build(Object(Illuminate\Database\Schema\Blueprint))

  9   vendor\laravel\framework\src\Illuminate\Support\Facades\Facade.php:361
      Illuminate\Database\Schema\Builder::create("students", Object(Closure))

  10  database\migrations\2025_12_31_083241_create_students_table.php:14
      Illuminate\Support\Facades\Facade::__callStatic("create")

  11  vendor\laravel\framework\src\Illuminate\Database\Migrations\Migrator.php:507
      Illuminate\Database\Migrations\Migration@anonymous\C:\Users\USER\Desktop\subeb-project\subeb-project\database\migrations\2025_12_31_083241_create_students_table.php:7$116::up()

  12  vendor\laravel\framework\src\Illuminate\Database\Migrations\Migrator.php:432
      Illuminate\Database\Migrations\Migrator::runMethod(Object(Illuminate\Database\MySqlConnection), Object(Illuminate\Database\Migrations\Migration@anonymous\C:\Users\USER\Desktop\subeb-project\subeb-project\database\migrations\2025_12_31_083241_create_students_table.php:7$116), "up")

  13  vendor\laravel\framework\src\Illuminate\Database\Migrations\Migrator.php:441
      Illuminate\Database\Migrations\Migrator::Illuminate\Database\Migrations\{closure}()

  14  vendor\laravel\framework\src\Illuminate\Database\Migrations\Migrator.php:244
      Illuminate\Database\Migrations\Migrator::runMigration(Object(Illuminate\Database\Migrations\Migration@anonymous\C:\Users\USER\Desktop\subeb-project\subeb-project\database\migrations\2025_12_31_083241_create_students_table.php:7$116), "up")

  15  vendor\laravel\framework\src\Illuminate\Console\View\Components\Task.php:40
      Illuminate\Database\Migrations\Migrator::Illuminate\Database\Migrations\{closure}()

  16  vendor\laravel\framework\src\Illuminate\Database\Migrations\Migrator.php:798
      Illuminate\Console\View\Components\Task::render("2025_12_31_083241_create_students_table", Object(Closure))

  17  vendor\laravel\framework\src\Illuminate\Database\Migrations\Migrator.php:244
      Illuminate\Database\Migrations\Migrator::write("Illuminate\Console\View\Components\Task", "2025_12_31_083241_create_students_table", Object(Closure))

  18  vendor\laravel\framework\src\Illuminate\Database\Migrations\Migrator.php:211
      Illuminate\Database\Migrations\Migrator::runUp("C:\Users\USER\Desktop\subeb-project\subeb-project\database\migrations/2025_12_31_083241_create_students_table.php")

  19  vendor\laravel\framework\src\Illuminate\Database\Migrations\Migrator.php:138
      Illuminate\Database\Migrations\Migrator::runPending([])

  20  vendor\laravel\framework\src\Illuminate\Database\Console\Migrations\MigrateCommand.php:117
      Illuminate\Database\Migrations\Migrator::run([])

  21  vendor\laravel\framework\src\Illuminate\Database\Migrations\Migrator.php:658
      Illuminate\Database\Console\Migrations\MigrateCommand::Illuminate\Database\Console\Migrations\{closure}()

  22  vendor\laravel\framework\src\Illuminate\Database\Console\Migrations\MigrateCommand.php:110
      Illuminate\Database\Migrations\Migrator::usingConnection(Object(Closure))

  23  vendor\laravel\framework\src\Illuminate\Database\Console\Migrations\MigrateCommand.php:89
      Illuminate\Database\Console\Migrations\MigrateCommand::runMigrations()

  24  vendor\laravel\framework\src\Illuminate\Container\BoundMethod.php:36
      Illuminate\Database\Console\Migrations\MigrateCommand::handle()

  25  vendor\laravel\framework\src\Illuminate\Container\Util.php:43
      Illuminate\Container\BoundMethod::Illuminate\Container\{closure}()

  26  vendor\laravel\framework\src\Illuminate\Container\BoundMethod.php:95
      Illuminate\Container\Util::unwrapIfClosure(Object(Closure))

  27  vendor\laravel\framework\src\Illuminate\Container\BoundMethod.php:35
      Illuminate\Container\BoundMethod::callBoundMethod(Object(Illuminate\Foundation\Application), Object(Closure))

  28  vendor\laravel\framework\src\Illuminate\Container\Container.php:696
      Illuminate\Container\BoundMethod::call(Object(Illuminate\Foundation\Application), [])

  29  vendor\laravel\framework\src\Illuminate\Console\Command.php:213
      Illuminate\Container\Container::call()

  30  vendor\symfony\console\Command\Command.php:341
      Illuminate\Console\Command::execute(Object(Symfony\Component\Console\Input\ArgvInput), Object(Illuminate\Console\OutputStyle))

  31  vendor\laravel\framework\src\Illuminate\Console\Command.php:182
      Symfony\Component\Console\Command\Command::run(Object(Symfony\Component\Console\Input\ArgvInput), Object(Illuminate\Console\OutputStyle))

  32  vendor\symfony\console\Application.php:1102
      Illuminate\Console\Command::run(Object(Symfony\Component\Console\Input\ArgvInput), Object(Symfony\Component\Console\Output\ConsoleOutput))

  33  vendor\symfony\console\Application.php:356
      Symfony\Component\Console\Application::doRunCommand(Object(Illuminate\Database\Console\Migrations\MigrateCommand), Object(Symfony\Component\Console\Input\ArgvInput), Object(Symfony\Component\Console\Output\ConsoleOutput))

  34  vendor\symfony\console\Application.php:195
      Symfony\Component\Console\Application::doRun(Object(Symfony\Component\Console\Input\ArgvInput), Object(Symfony\Component\Console\Output\ConsoleOutput))

  35  vendor\laravel\framework\src\Illuminate\Foundation\Console\Kernel.php:198
      Symfony\Component\Console\Application::run(Object(Symfony\Component\Console\Input\ArgvInput), Object(Symfony\Component\Console\Output\ConsoleOutput))

  36  vendor\laravel\framework\src\Illuminate\Foundation\Application.php:1235
      Illuminate\Foundation\Console\Kernel::handle(Object(Symfony\Component\Console\Input\ArgvInput), Object(Symfony\Component\Console\Output\ConsoleOutput))

  37  artisan:13
      Illuminate\Foundation\Application::handleCommand(Object(Symfony\Component\Console\Input\ArgvInput))

